<?xml version="1.0" encoding="UTF-8"?>
<!-- Generated by org.testng.reporters.JUnitReportReporter -->
<testsuite skipped="0" hostname="INAIRDT542670" name="com.test.tests.Dummy" tests="1" failures="0" timestamp="19 Nov 2020 04:55:32 GMT" time="18.258" errors="0">
  <testcase name="scroll" time="18.258" classname="com.test.tests.Dummy"/>
</testsuite> <!-- com.test.tests.Dummy -->
