<?xml version="1.0" encoding="UTF-8"?>
<!-- Generated by org.testng.reporters.JUnitReportReporter -->
<testsuite skipped="0" hostname="INAIRDT542670" name="com.test.tests.SearchTest" tests="1" failures="0" timestamp="18 Nov 2020 17:17:43 GMT" time="13.395" errors="0">
  <testcase name="searchFor" time="13.395" classname="com.test.tests.SearchTest"/>
</testsuite> <!-- com.test.tests.SearchTest -->
