<?xml version="1.0" encoding="UTF-8"?>
<!-- Generated by org.testng.reporters.JUnitReportReporter -->
<testsuite skipped="0" hostname="INAIRDT542670" name="com.test.tests.SearchTest" tests="1" failures="0" timestamp="19 Nov 2020 05:30:28 GMT" time="15.746" errors="0">
  <testcase name="searchFor" time="15.746" classname="com.test.tests.SearchTest"/>
</testsuite> <!-- com.test.tests.SearchTest -->
