<?xml version="1.0" encoding="UTF-8"?>
<!-- Generated by org.testng.reporters.JUnitReportReporter -->
<testsuite skipped="0" hostname="INAIRDT542670" name="com.test.tests.Dummy" tests="1" failures="0" timestamp="18 Nov 2020 08:30:43 GMT" time="13.238" errors="0">
  <testcase name="scroll" time="13.238" classname="com.test.tests.Dummy"/>
</testsuite> <!-- com.test.tests.Dummy -->
